TN:
SF:src/FileSystemLoader.ts
FN:7,(anonymous_14)
FN:8,(anonymous_16)
FNF:2
FNH:2
FNDA:2,(anonymous_14)
FNDA:1,(anonymous_16)
DA:1,1
DA:5,1
DA:7,1
DA:8,1
DA:9,1
DA:10,1
DA:12,1
DA:14,1
LF:8
LH:8
BRDA:9,0,0,1
BRF:1
BRH:1
end_of_record
TN:
SF:src/codegen/ethereum/EthereumProvider.ts
FN:17,(anonymous_13)
FN:18,EthereumProvider
FN:23,(anonymous_15)
FN:40,(anonymous_18)
FN:55,(anonymous_21)
FNF:5
FNH:5
FNDA:1,(anonymous_13)
FNDA:1,EthereumProvider
FNDA:4,(anonymous_15)
FNDA:1,(anonymous_18)
FNDA:4,(anonymous_21)
DA:4,1
DA:17,1
DA:18,1
DA:21,1
DA:23,1
DA:24,4
DA:33,4
DA:34,0
DA:37,4
DA:40,1
DA:41,1
DA:48,1
DA:49,0
DA:52,1
DA:55,1
DA:56,4
DA:63,4
DA:64,0
DA:67,4
DA:69,1
LF:20
LH:17
BRDA:24,0,0,4
BRDA:33,1,0,0
BRDA:41,2,0,1
BRDA:48,3,0,0
BRDA:56,4,0,4
BRDA:63,5,0,0
BRF:6
BRH:3
end_of_record
TN:
SF:src/codegen/ethereum/EthereumProvider__factory.ts
FN:6,(anonymous_13)
FN:10,(anonymous_15)
FN:16,(anonymous_18)
FN:22,(anonymous_21)
FNF:4
FNH:2
FNDA:1,(anonymous_13)
FNDA:0,(anonymous_15)
FNDA:0,(anonymous_18)
FNDA:1,(anonymous_21)
DA:4,1
DA:6,1
DA:7,1
DA:8,1
DA:10,1
DA:11,0
DA:13,0
DA:16,1
DA:17,0
DA:19,0
DA:22,1
DA:23,1
DA:25,1
DA:26,0
DA:29,1
DA:31,1
LF:16
LH:11
BRDA:11,0,0,0
BRDA:17,1,0,0
BRDA:23,2,0,1
BRDA:25,3,0,0
BRF:4
BRH:1
end_of_record
TN:
SF:src/codegen/ethereum/EthereumSigner.ts
FN:11,(anonymous_13)
FN:12,EthereumSigner
FN:17,(anonymous_15)
FNF:3
FNH:3
FNDA:1,(anonymous_13)
FNDA:1,EthereumSigner
FNDA:1,(anonymous_15)
DA:11,1
DA:12,1
DA:15,1
DA:17,1
DA:18,1
DA:25,1
DA:26,0
DA:29,1
DA:31,1
LF:9
LH:8
BRDA:18,0,0,1
BRDA:25,1,0,0
BRF:2
BRH:1
end_of_record
TN:
SF:src/polywrap/embedded/EmbeddedFileReader.ts
FN:3,(anonymous_13)
FN:4,EmbeddedFileReader
FN:7,(anonymous_15)
FNF:3
FNH:3
FNDA:1,(anonymous_13)
FNDA:1,EmbeddedFileReader
FNDA:1,(anonymous_15)
DA:3,1
DA:4,1
DA:7,1
DA:8,1
DA:9,0
DA:10,1
DA:11,1
DA:13,0
DA:16,1
LF:9
LH:7
BRDA:8,0,0,0
BRDA:8,0,1,1
BRDA:10,1,0,1
BRDA:10,1,1,0
BRF:4
BRH:2
end_of_record
TN:
SF:src/polywrap/embedded/EmbeddedPackage.ts
FN:4,(anonymous_6)
FN:5,EmbeddedPackage
FNF:2
FNH:2
FNDA:1,(anonymous_6)
FNDA:1,EmbeddedPackage
DA:1,1
DA:2,1
DA:4,1
DA:5,1
DA:6,1
DA:8,1
DA:10,1
LF:7
LH:7
BRDA:8,0,0,1
BRDA:8,0,1,1
BRF:2
BRH:2
end_of_record
TN:
SF:src/polywrap/wasm/WasmInstance.ts
FN:9,(anonymous_15)
FN:14,WasmInstance
FN:18,(anonymous_17)
FN:40,(anonymous_20)
FN:58,(anonymous_21)
FN:96,(anonymous_24)
FN:142,(anonymous_27)
FN:184,(anonymous_30)
FN:229,(anonymous_31)
FN:258,getMethods
FNF:10
FNH:8
FNDA:1,(anonymous_15)
FNDA:1,WasmInstance
FNDA:1,(anonymous_17)
FNDA:0,(anonymous_20)
FNDA:1,(anonymous_21)
FNDA:10,(anonymous_24)
FNDA:0,(anonymous_27)
FNDA:15,(anonymous_30)
FNDA:10,(anonymous_31)
FNDA:18,getMethods
DA:1,1
DA:2,1
DA:3,1
DA:6,1
DA:9,1
DA:10,1
DA:12,1
DA:14,1
DA:15,1
DA:18,1
DA:19,1
DA:40,1
DA:41,0
DA:44,1
DA:45,1
DA:55,1
DA:58,1
DA:59,1
DA:61,1
DA:63,1
DA:64,1
DA:66,1
DA:71,1
DA:76,1
DA:81,1
DA:82,1
DA:83,1
DA:84,0
DA:85,0
DA:87,1
DA:89,1
DA:91,0
DA:92,0
DA:96,1
DA:97,10
DA:99,10
DA:101,10
DA:102,10
DA:103,10
DA:104,10
DA:106,10
DA:113,10
DA:120,10
DA:127,10
DA:128,10
DA:129,10
DA:130,0
DA:131,0
DA:133,10
DA:135,10
DA:137,0
DA:138,0
DA:142,1
DA:143,0
DA:145,0
DA:147,0
DA:148,0
DA:149,0
DA:151,0
DA:157,0
DA:163,0
DA:169,0
DA:170,0
DA:171,0
DA:172,0
DA:173,0
DA:175,0
DA:177,0
DA:179,0
DA:180,0
DA:184,1
DA:185,15
DA:186,15
DA:187,9
DA:188,9
DA:189,9
DA:190,9
DA:191,9
DA:192,9
DA:193,9
DA:194,0
DA:195,0
DA:196,9
DA:197,0
DA:199,9
DA:203,9
DA:205,9
DA:206,4
DA:207,4
DA:208,4
DA:209,4
DA:210,4
DA:211,4
DA:215,4
DA:217,4
DA:219,9
DA:220,9
DA:222,9
DA:224,6
DA:225,6
DA:229,1
DA:230,10
DA:232,10
DA:233,1
DA:234,1
DA:236,1
DA:238,1
DA:239,1
DA:240,0
DA:243,1
DA:247,1
DA:248,1
DA:251,1
DA:253,9
DA:256,1
DA:259,18
DA:260,18
DA:261,26
DA:262,8
DA:265,18
LF:120
LH:90
BRDA:81,0,0,1
BRDA:81,0,1,0
BRDA:83,1,0,0
BRDA:127,2,0,10
BRDA:127,2,1,0
BRDA:129,3,0,0
BRDA:169,4,0,0
BRDA:169,4,1,0
BRDA:171,5,0,0
BRDA:186,6,0,9
BRDA:186,6,1,6
BRDA:186,7,0,15
BRDA:186,7,1,13
BRDA:186,7,2,9
BRDA:193,8,0,0
BRDA:193,8,1,9
BRDA:196,9,0,0
BRDA:196,9,1,9
BRDA:205,10,0,4
BRDA:205,11,0,9
BRDA:205,11,1,9
BRDA:232,12,0,1
BRDA:232,12,1,9
BRDA:232,13,0,10
BRDA:232,13,1,1
BRDA:239,14,0,0
BRDA:261,15,0,8
BRF:27
BRH:17
end_of_record
TN:
SF:src/polywrap/wasm/WasmPackage.ts
FN:7,(anonymous_13)
FN:8,WasmPackage
FN:11,(anonymous_15)
FN:17,(anonymous_18)
FN:21,(anonymous_21)
FNF:5
FNH:4
FNDA:1,(anonymous_13)
FNDA:1,WasmPackage
FNDA:0,(anonymous_15)
FNDA:1,(anonymous_18)
FNDA:1,(anonymous_21)
DA:5,1
DA:7,1
DA:8,1
DA:11,1
DA:12,0
DA:17,1
DA:18,1
DA:21,1
DA:22,1
DA:24,1
DA:25,0
DA:28,1
DA:30,1
LF:13
LH:11
BRDA:18,0,0,1
BRDA:18,0,1,1
BRDA:22,1,0,1
BRDA:22,1,1,1
BRDA:24,2,0,0
BRF:5
BRH:4
end_of_record
TN:
SF:src/polywrap/wasm/buffer.ts
FN:3,writeString
FN:14,writeBytes
FN:24,readBytes
FN:34,readString
FN:44,memcpy
FNF:5
FNH:5
FNDA:21,writeString
FNDA:62,writeBytes
FNDA:47,readBytes
FNDA:32,readString
FNDA:83,memcpy
DA:1,1
DA:3,1
DA:8,21
DA:9,21
DA:10,21
DA:11,21
DA:14,1
DA:19,62
DA:20,62
DA:21,62
DA:24,1
DA:29,47
DA:30,47
DA:31,47
DA:34,1
DA:39,32
DA:40,32
DA:41,32
DA:51,83
DA:52,83
DA:53,83
DA:54,83
DA:56,83
DA:62,83
DA:63,83
DA:65,0
DA:66,0
DA:70,83
LF:28
LH:26
BRDA:53,0,0,83
BRDA:53,0,1,0
BRDA:53,1,0,83
BRDA:53,1,1,0
BRDA:54,2,0,83
BRDA:54,2,1,0
BRDA:54,3,0,83
BRDA:54,3,1,0
BRDA:56,4,0,0
BRDA:56,4,1,83
BRDA:57,5,0,0
BRDA:57,5,1,0
BRDA:58,6,0,0
BRDA:58,6,1,0
BRDA:59,7,0,0
BRDA:59,7,1,0
BRDA:62,8,0,83
BRDA:62,8,1,0
BRF:18
BRH:6
end_of_record
TN:
SF:src/polywrap/wasm/imports.ts
FN:10,(anonymous_13)
FN:19,(anonymous_14)
FN:25,(anonymous_15)
FN:46,(anonymous_17)
FN:54,(anonymous_18)
FN:61,(anonymous_19)
FN:67,(anonymous_20)
FN:132,(anonymous_22)
FN:140,(anonymous_23)
FN:148,(anonymous_24)
FN:156,(anonymous_25)
FN:163,(anonymous_26)
FN:171,(anonymous_27)
FN:193,(anonymous_29)
FN:202,(anonymous_30)
FN:211,(anonymous_31)
FN:220,(anonymous_32)
FN:230,(anonymous_33)
FN:243,(anonymous_34)
FN:256,(anonymous_35)
FN:275,(anonymous_36)
FN:283,(anonymous_37)
FN:286,(anonymous_38)
FN:289,(anonymous_39)
FN:304,(anonymous_40)
FNF:25
FNH:9
FNDA:1,(anonymous_13)
FNDA:0,(anonymous_14)
FNDA:0,(anonymous_15)
FNDA:0,(anonymous_17)
FNDA:0,(anonymous_18)
FNDA:4,(anonymous_19)
FNDA:4,(anonymous_20)
FNDA:4,(anonymous_22)
FNDA:4,(anonymous_23)
FNDA:0,(anonymous_24)
FNDA:0,(anonymous_25)
FNDA:0,(anonymous_26)
FNDA:0,(anonymous_27)
FNDA:0,(anonymous_29)
FNDA:0,(anonymous_30)
FNDA:0,(anonymous_31)
FNDA:0,(anonymous_32)
FNDA:0,(anonymous_33)
FNDA:1,(anonymous_34)
FNDA:10,(anonymous_35)
FNDA:11,(anonymous_36)
FNDA:0,(anonymous_37)
FNDA:0,(anonymous_38)
FNDA:0,(anonymous_39)
FNDA:28,(anonymous_40)
DA:4,1
DA:8,1
DA:10,1
DA:15,3
DA:17,1
DA:25,0
DA:28,0
DA:29,0
DA:31,0
DA:32,0
DA:33,0
DA:35,0
DA:36,0
DA:37,0
DA:38,0
DA:40,0
DA:43,0
DA:47,0
DA:48,0
DA:49,0
DA:51,0
DA:55,0
DA:56,0
DA:57,0
DA:59,0
DA:67,4
DA:70,4
DA:71,4
DA:72,4
DA:74,4
DA:75,4
DA:77,4
DA:78,4
DA:79,4
DA:86,4
DA:88,4
DA:89,4
DA:90,4
DA:91,4
DA:92,4
DA:94,4
DA:95,0
DA:97,0
DA:100,4
DA:101,0
DA:103,4
DA:104,4
DA:106,4
DA:109,4
DA:111,4
DA:113,8
DA:114,0
DA:115,4
DA:116,4
DA:118,4
DA:119,0
DA:121,0
DA:124,4
DA:125,4
DA:127,4
DA:129,4
DA:133,4
DA:134,0
DA:135,0
DA:137,4
DA:141,4
DA:142,0
DA:143,0
DA:145,4
DA:149,0
DA:150,0
DA:151,0
DA:153,0
DA:157,0
DA:158,0
DA:159,0
DA:161,0
DA:171,0
DA:173,0
DA:174,0
DA:176,0
DA:177,0
DA:178,0
DA:180,0
DA:182,0
DA:183,0
DA:185,0
DA:186,0
DA:188,0
DA:191,0
DA:194,0
DA:195,0
DA:198,0
DA:200,0
DA:203,0
DA:204,0
DA:207,0
DA:209,0
DA:212,0
DA:213,0
DA:216,0
DA:218,0
DA:221,0
DA:222,0
DA:225,0
DA:227,0
DA:231,0
DA:232,0
DA:233,0
DA:234,0
DA:236,0
DA:237,0
DA:238,0
DA:240,0
DA:241,0
DA:244,1
DA:245,1
DA:246,0
DA:247,0
DA:249,1
DA:250,0
DA:251,0
DA:253,1
DA:254,1
DA:257,10
DA:258,10
DA:259,0
DA:260,0
DA:262,10
DA:263,0
DA:264,0
DA:266,10
DA:267,0
DA:268,0
DA:270,10
DA:271,10
DA:272,10
DA:276,11
DA:277,11
DA:278,11
DA:284,0
DA:287,0
DA:297,0
DA:298,0
DA:300,0
DA:305,28
DA:306,28
LF:147
LH:56
BRDA:37,0,0,0
BRDA:37,0,1,0
BRDA:47,1,0,0
BRDA:55,2,0,0
BRDA:94,3,0,0
BRDA:100,4,0,0
BRDA:106,5,0,0
BRDA:106,5,1,4
BRDA:113,6,0,4
BRDA:118,7,0,0
BRDA:133,8,0,0
BRDA:141,9,0,0
BRDA:149,10,0,0
BRDA:157,11,0,0
BRDA:185,12,0,0
BRDA:185,12,1,0
BRDA:194,13,0,0
BRDA:203,14,0,0
BRDA:212,15,0,0
BRDA:221,16,0,0
BRDA:232,17,0,0
BRDA:236,18,0,0
BRDA:245,19,0,0
BRDA:249,20,0,0
BRDA:258,21,0,0
BRDA:262,22,0,0
BRDA:266,23,0,0
BRF:27
BRH:2
end_of_record
TN:
SF:src/result/Result.ts
FN:6,(anonymous_0)
FN:11,(anonymous_1)
FNF:2
FNH:1
FNDA:15,(anonymous_0)
FNDA:0,(anonymous_1)
DA:6,1
DA:7,15
DA:11,1
DA:12,0
LF:4
LH:3
BRF:0
BRH:0
end_of_record
